<?xml version="1.0" encoding="UTF-8"?>
<!-- Generated by org.testng.reporters.JUnitReportReporter -->
<testsuite hostname="LAPTOP-BA27PJNC" failures="0" tests="2" name="com.Ankit.Phase5lession2.BeofreMethodAnnotation" time="27.353" errors="0" timestamp="09 Mar 2022 12:06:49 GMT" skipped="0">
  <testcase classname="com.Ankit.Phase5lession2.BeofreMethodAnnotation" name="TestWikiHomepage" time="16.637"/>
  <testcase classname="com.Ankit.Phase5lession2.BeofreMethodAnnotation" name="TestWikiLoginPage" time="10.716"/>
</testsuite> <!-- com.Ankit.Phase5lession2.BeofreMethodAnnotation -->
